<?xml version="1.0" encoding="UTF-8"?>
<!-- Generated by org.testng.reporters.JUnitXMLReporter -->
<testsuite hostname="D103260" name="Webjourney" tests="14" failures="1" timestamp="16 Aug 2012 14:10:01 GMT" time="284.478" errors="0">
  <testcase name="A_WebJourney1" time="35.609" classname="ACS_CRMN.WebJourney"/>
  <testcase name="B_CheckProfile" time="10.965" classname="ACS_CRMN.WebJourney"/>
  <testcase name="C_WebJourney2" time="11.58" classname="ACS_CRMN.WebJourney"/>
  <testcase name="D_CheckEntitlement" time="5.194" classname="ACS_CRMN.WebJourney"/>
  <testcase name="E_WebJourneyEdit" time="34.18" classname="ACS_CRMN.WebJourney"/>
  <testcase name="F_checkProfile" time="5.476" classname="ACS_CRMN.WebJourney">
    <failure type="java.lang.AssertionError" message="Profile after updation........ expected:&amp;lt;true&amp;gt; but was:&amp;lt;false&amp;gt;">
      <![CDATA[java.lang.AssertionError: Profile after updation........ expected:<true> but was:<false>
	at ACS_CRMN.WebJourney.F_checkProfile(WebJourney.java:81)
... Removed 28 stack frames]]>
    </failure>
  </testcase> <!-- F_checkProfile -->
  <testcase name="G_CheckEntitlement" time="0.131" classname="ACS_CRMN.WebJourney"/>
  <testcase name="A_custCreation" time="37.443" classname="ACS_CRMN.CSRjourney"/>
  <testcase name="B_custBankDetails" time="21.272" classname="ACS_CRMN.CSRjourney"/>
  <testcase name="C_CheckProfile" time="5.254" classname="ACS_CRMN.CSRjourney"/>
  <testcase name="D_CheckEntitlement" time="0.16" classname="ACS_CRMN.CSRjourney"/>
  <testcase name="A_TLSwebJourney" time="28.875" classname="ACS_CRMN.TLSjourney"/>
  <testcase name="B_TLScheckProfile" time="10.138" classname="ACS_CRMN.TLSjourney"/>
  <testcase name="D_CheckEntitlement" time="5.215" classname="ACS_CRMN.TLSjourney"/>
</testsuite> <!-- Webjourney -->
