<?xml version="1.0" encoding="UTF-8"?>
<!-- Generated by org.testng.reporters.JUnitReportReporter -->
<testsuite hostname="D103260" name="MyExperiments.TemplatewebDriver" tests="1" failures="1" timestamp="23 Jul 2012 12:48:15 GMT" time="27.269" errors="0">
  <testcase name="myTest" time="27.269" classname="MyExperiments.TemplatewebDriver">
    <failure type="org.openqa.selenium.NoSuchElementException" message="Unable to locate element: {&quot;method&quot;:&quot;xpath&quot;,&quot;selector&quot;:&quot;.//*[@id=&#039;modules&#039;]/section[1]/article[1]/header/a&quot;}
Command duration or timeout: 9 milliseconds
For documentation on this error, please visit: http://seleniumhq.org/exceptions/no_such_element.html
Build info: version: &#039;unknown&#039;, revision: &#039;unknown&#039;, time: &#039;unknown&#039;
System info: os.name: &#039;Windows 7&#039;, os.arch: &#039;x86&#039;, os.version: &#039;6.1&#039;, java.version: &#039;1.6.0_20&#039;
Driver info: driver.version: TemplatewebDriver
Session ID: c99427ce-ffc5-48b1-8c74-c8d124f60684">
      <![CDATA[org.openqa.selenium.NoSuchElementException: Unable to locate element: {"method":"xpath","selector":".//*[@id='modules']/section[1]/article[1]/header/a"}
Command duration or timeout: 9 milliseconds
For documentation on this error, please visit: http://seleniumhq.org/exceptions/no_such_element.html
Build info: version: 'unknown', revision: 'unknown', time: 'unknown'
System info: os.name: 'Windows 7', os.arch: 'x86', os.version: '6.1', java.version: '1.6.0_20'
Driver info: driver.version: TemplatewebDriver
Session ID: c99427ce-ffc5-48b1-8c74-c8d124f60684
	at sun.reflect.NativeConstructorAccessorImpl.newInstance0(Native Method)
	at sun.reflect.NativeConstructorAccessorImpl.newInstance(Unknown Source)
	at sun.reflect.DelegatingConstructorAccessorImpl.newInstance(Unknown Source)
	at java.lang.reflect.Constructor.newInstance(Unknown Source)
	at org.openqa.selenium.remote.ErrorHandler.createThrowable(ErrorHandler.java:188)
	at org.openqa.selenium.remote.ErrorHandler.throwIfResponseFailed(ErrorHandler.java:145)
	at org.openqa.selenium.remote.RemoteWebDriver.execute(RemoteWebDriver.java:472)
	at org.openqa.selenium.remote.RemoteWebDriver.findElement(RemoteWebDriver.java:242)
	at org.openqa.selenium.remote.RemoteWebDriver.findElementByXPath(RemoteWebDriver.java:327)
	at org.openqa.selenium.By$ByXPath.findElement(By.java:343)
	at org.openqa.selenium.remote.RemoteWebDriver.findElement(RemoteWebDriver.java:234)
	at MyExperiments.TemplatewebDriver.myTest(TemplatewebDriver.java:45)
	at sun.reflect.NativeMethodAccessorImpl.invoke0(Native Method)
	at sun.reflect.NativeMethodAccessorImpl.invoke(Unknown Source)
	at sun.reflect.DelegatingMethodAccessorImpl.invoke(Unknown Source)
	at java.lang.reflect.Method.invoke(Unknown Source)
	at org.testng.internal.MethodInvocationHelper.invokeMethod(MethodInvocationHelper.java:80)
	at org.testng.internal.Invoker.invokeMethod(Invoker.java:702)
	at org.testng.internal.Invoker.invokeTestMethod(Invoker.java:894)
	at org.testng.internal.Invoker.invokeTestMethods(Invoker.java:1219)
	at org.testng.internal.TestMethodWorker.invokeTestMethods(TestMethodWorker.java:127)
	at org.testng.internal.TestMethodWorker.run(TestMethodWorker.java:111)
	at org.testng.TestRunner.privateRun(TestRunner.java:767)
	at org.testng.TestRunner.run(TestRunner.java:617)
	at org.testng.SuiteRunner.runTest(SuiteRunner.java:334)
	at org.testng.SuiteRunner.runSequentially(SuiteRunner.java:329)
	at org.testng.SuiteRunner.privateRun(SuiteRunner.java:291)
	at org.testng.SuiteRunner.run(SuiteRunner.java:240)
	at org.testng.SuiteRunnerWorker.runSuite(SuiteRunnerWorker.java:53)
	at org.testng.SuiteRunnerWorker.run(SuiteRunnerWorker.java:87)
	at org.testng.TestNG.runSuitesSequentially(TestNG.java:1197)
	at org.testng.TestNG.runSuitesLocally(TestNG.java:1122)
	at org.testng.TestNG.run(TestNG.java:1030)
	at org.testng.remote.RemoteTestNG.run(RemoteTestNG.java:111)
	at org.testng.remote.RemoteTestNG.initAndRun(RemoteTestNG.java:204)
	at org.testng.remote.RemoteTestNG.main(RemoteTestNG.java:175)
Caused by: org.openqa.selenium.remote.ErrorHandler$UnknownServerException: Unable to locate element: {"method":"xpath","selector":".//*[@id='modules']/section[1]/article[1]/header/a"}
Build info: version: 'unknown', revision: 'unknown', time: 'unknown'
System info: os.name: 'Windows 7', os.arch: 'x86', os.version: '6.1', java.version: '1.6.0_20'
Driver info: driver.version: unknown
	at <anonymous class>.<anonymous method>(file:///C:/Users/JVendi/AppData/Local/Temp/anonymous3360413537945756518webdriver-profile/extensions/fxdriver@googlecode.com/components/driver_component.js:6556)
	at <anonymous class>.<anonymous method>(file:///C:/Users/JVendi/AppData/Local/Temp/anonymous3360413537945756518webdriver-profile/extensions/fxdriver@googlecode.com/components/driver_component.js:6564)
	at <anonymous class>.<anonymous method>(file:///C:/Users/JVendi/AppData/Local/Temp/anonymous3360413537945756518webdriver-profile/extensions/fxdriver@googlecode.com/components/command_processor.js:10055)
	at <anonymous class>.<anonymous method>(file:///C:/Users/JVendi/AppData/Local/Temp/anonymous3360413537945756518webdriver-profile/extensions/fxdriver@googlecode.com/components/command_processor.js:10060)
	at <anonymous class>.<anonymous method>(file:///C:/Users/JVendi/AppData/Local/Temp/anonymous3360413537945756518webdriver-profile/extensions/fxdriver@googlecode.com/components/command_processor.js:9998)
]]>
    </failure>
  </testcase> <!-- myTest -->
</testsuite> <!-- MyExperiments.TemplatewebDriver -->
