<?xml version="1.0" encoding="UTF-8"?>
<!-- Generated by org.testng.reporters.JUnitXMLReporter -->
<testsuite hostname="D103260" name="Webjourney" tests="14" failures="3" timestamp="4 Sep 2012 10:11:34 GMT" time="386.93" errors="0">
  <testcase name="A_WebJourney1" time="149.808" classname="ACS_CRMN.WebJourney"/>
  <testcase name="B_CheckProfile" time="11.107" classname="ACS_CRMN.WebJourney"/>
  <testcase name="C_WebJourney2" time="10.585" classname="ACS_CRMN.WebJourney"/>
  <testcase name="D_CheckEntitlement" time="5.33" classname="ACS_CRMN.WebJourney"/>
  <testcase name="E_WebJourneyEdit" time="29.724" classname="ACS_CRMN.WebJourney"/>
  <testcase name="F_Check_ACS_EditJourney_Profile" time="5.17" classname="ACS_CRMN.WebJourney">
    <failure type="java.lang.AssertionError" message="Profile after updation........ expected:&amp;lt;true&amp;gt; but was:&amp;lt;false&amp;gt;">
      <![CDATA[java.lang.AssertionError: Profile after updation........ expected:<true> but was:<false>
	at ACS_CRMN.WebJourney.F_Check_ACS_EditJourney_Profile(WebJourney.java:81)
... Removed 28 stack frames]]>
    </failure>
  </testcase> <!-- F_Check_ACS_EditJourney_Profile -->
  <testcase name="G_CheckEntitlement" time="0.163" classname="ACS_CRMN.WebJourney"/>
  <testcase name="A_custCreation" time="34.07" classname="ACS_CRMN.CSRjourney"/>
  <testcase name="C_CheckProfile" time="5.293" classname="ACS_CRMN.CSRjourney"/>
  <testcase name="B_custBankDetails" time="16.027" classname="ACS_CRMN.CSRjourney"/>
  <testcase name="D_CheckEntitlement" time="0.233" classname="ACS_CRMN.CSRjourney">
    <failure type="java.lang.AssertionError" message="Entitlements  before updation...should be zero....... expected:&amp;lt;true&amp;gt; but was:&amp;lt;false&amp;gt;">
      <![CDATA[java.lang.AssertionError: Entitlements  before updation...should be zero....... expected:<true> but was:<false>
	at ACS_CRMN.CSRjourney.D_CheckEntitlement(CSRjourney.java:61)
... Removed 28 stack frames]]>
    </failure>
  </testcase> <!-- D_CheckEntitlement -->
  <testcase name="A_TLSwebJourney" time="56.864" classname="ACS_CRMN.TLSjourney">
    <failure type="org.openqa.selenium.NoSuchElementException" message="Unable to locate element: {&amp;quot;method&amp;quot;:&amp;quot;link text&amp;quot;,&amp;quot;selector&amp;quot;:&amp;quot;Log out&amp;quot;}
Command duration or timeout: 30.06 seconds
For documentation on this error, please visit: http://seleniumhq.org/exceptions/no_such_element.html
Build info: version: &amp;apos;unknown&amp;apos;, revision: &amp;apos;unknown&amp;apos;, time: &amp;apos;unknown&amp;apos;
System info: os.name: &amp;apos;Windows 7&amp;apos;, os.arch: &amp;apos;x86&amp;apos;, os.version: &amp;apos;6.1&amp;apos;, java.version: &amp;apos;1.6.0_20&amp;apos;
Driver info: driver.version: RemoteWebDriver
Session ID: e68b8577-16e7-4ac9-b85e-71a25dcf8004">
      <![CDATA[org.openqa.selenium.NoSuchElementException: Unable to locate element: {"method":"link text","selector":"Log out"}
Command duration or timeout: 30.06 seconds
For documentation on this error, please visit: http://seleniumhq.org/exceptions/no_such_element.html
Build info: version: 'unknown', revision: 'unknown', time: 'unknown'
System info: os.name: 'Windows 7', os.arch: 'x86', os.version: '6.1', java.version: '1.6.0_20'
Driver info: driver.version: RemoteWebDriver
Session ID: e68b8577-16e7-4ac9-b85e-71a25dcf8004
	at org.openqa.selenium.remote.ErrorHandler.createThrowable(ErrorHandler.java:188)
	at org.openqa.selenium.remote.ErrorHandler.throwIfResponseFailed(ErrorHandler.java:145)
	at org.openqa.selenium.remote.RemoteWebDriver.execute(RemoteWebDriver.java:472)
	at org.openqa.selenium.remote.RemoteWebDriver.findElement(RemoteWebDriver.java:242)
	at org.openqa.selenium.remote.RemoteWebDriver.findElementByLinkText(RemoteWebDriver.java:279)
	at org.openqa.selenium.By$ByLinkText.findElement(By.java:240)
	at org.openqa.selenium.remote.RemoteWebDriver.findElement(RemoteWebDriver.java:234)
	at ACS_CRMN.TLSbaseClass.TLSwebjourney1(TLSbaseClass.java:90)
	at ACS_CRMN.TLSjourney.A_TLSwebJourney(TLSjourney.java:23)
Caused by: org.openqa.selenium.remote.ErrorHandler$UnknownServerException: Unable to locate element: {"method":"link text","selector":"Log out"}
Build info: version: 'unknown', revision: 'unknown', time: 'unknown'
System info: os.name: 'Windows 7', os.arch: 'x86', os.version: '6.1', java.version: '1.6.0_20'
Driver info: driver.version: unknown
	at <anonymous class>.<anonymous method>(file:///C:/Users/JVendi/AppData/Local/Temp/anonymous2530234918160500693webdriver-profile/extensions/fxdriver@googlecode.com/components/driver_component.js:6556)
	at <anonymous class>.<anonymous method>(file:///C:/Users/JVendi/AppData/Local/Temp/anonymous2530234918160500693webdriver-profile/extensions/fxdriver@googlecode.com/components/driver_component.js:471)
... Removed 28 stack frames]]>
    </failure>
  </testcase> <!-- A_TLSwebJourney -->
  <testcase name="B_TLScheckProfile" time="10.273" classname="ACS_CRMN.TLSjourney"/>
  <testcase name="D_CheckEntitlement" time="5.191" classname="ACS_CRMN.TLSjourney"/>
</testsuite> <!-- Webjourney -->
