<html>
<head>
<title>TestNG:  Webjourney</title>
<link href="../testng.css" rel="stylesheet" type="text/css" />
<link href="../my-testng.css" rel="stylesheet" type="text/css" />

<style type="text/css">
.log { display: none;} 
.stack-trace { display: none;} 
</style>
<script type="text/javascript">
<!--
function flip(e) {
  current = e.style.display;
  if (current == 'block') {
    e.style.display = 'none';
    return 0;
  }
  else {
    e.style.display = 'block';
    return 1;
  }
}

function toggleBox(szDivId, elem, msg1, msg2)
{
  var res = -1;  if (document.getElementById) {
    res = flip(document.getElementById(szDivId));
  }
  else if (document.all) {
    // this is the way old msie versions work
    res = flip(document.all[szDivId]);
  }
  if(elem) {
    if(res == 0) elem.innerHTML = msg1; else elem.innerHTML = msg2;
  }

}

function toggleAllBoxes() {
  if (document.getElementsByTagName) {
    d = document.getElementsByTagName('div');
    for (i = 0; i < d.length; i++) {
      if (d[i].className == 'log') {
        flip(d[i]);
      }
    }
  }
}

// -->
</script>

</head>
<body>
<h2 align='center'>Webjourney</h2><table border='1' align="center">
<tr>
<td>Tests passed/Failed/Skipped:</td><td>11/3/0</td>
</tr><tr>
<td>Started on:</td><td>Tue Sep 04 11:05:07 BST 2012</td>
</tr>
<tr><td>Total time:</td><td>386 seconds (386930 ms)</td>
</tr><tr>
<td>Included groups:</td><td></td>
</tr><tr>
<td>Excluded groups:</td><td></td>
</tr>
</table><p/>
<small><i>(Hover the method name to see the test class name)</i></small><p/>
<table width='100%' border='1' class='invocation-failed'>
<tr><td colspan='4' align='center'><b>FAILED TESTS</b></td></tr>
<tr><td><b>Test method</b></td>
<td width="30%"><b>Exception</b></td>
<td width="10%"><b>Time (seconds)</b></td>
<td><b>Instance</b></td>
</tr>
<tr>
<td title='ACS_CRMN.TLSjourney.A_TLSwebJourney()'><b>A_TLSwebJourney</b><br>Test class: ACS_CRMN.TLSjourney</td>
<td><div><pre>org.openqa.selenium.NoSuchElementException: Unable to locate element: {&quot;method&quot;:&quot;link text&quot;,&quot;selector&quot;:&quot;Log out&quot;}
Command duration or timeout: 30.06 seconds
For documentation on this error, please visit: http://seleniumhq.org/exceptions/no_such_element.html
Build info: version: &apos;unknown&apos;, revision: &apos;unknown&apos;, time: &apos;unknown&apos;
System info: os.name: &apos;Windows 7&apos;, os.arch: &apos;x86&apos;, os.version: &apos;6.1&apos;, java.version: &apos;1.6.0_20&apos;
Driver info: driver.version: RemoteWebDriver
Session ID: e68b8577-16e7-4ac9-b85e-71a25dcf8004
	at org.openqa.selenium.remote.ErrorHandler.createThrowable(ErrorHandler.java:188)
	at org.openqa.selenium.remote.ErrorHandler.throwIfResponseFailed(ErrorHandler.java:145)
	at org.openqa.selenium.remote.RemoteWebDriver.execute(RemoteWebDriver.java:472)
	at org.openqa.selenium.remote.RemoteWebDriver.findElement(RemoteWebDriver.java:242)
	at org.openqa.selenium.remote.RemoteWebDriver.findElementByLinkText(RemoteWebDriver.java:279)
	at org.openqa.selenium.By$ByLinkText.findElement(By.java:240)
	at org.openqa.selenium.remote.RemoteWebDriver.findElement(RemoteWebDriver.java:234)
	at ACS_CRMN.TLSbaseClass.TLSwebjourney1(TLSbaseClass.java:90)
	at ACS_CRMN.TLSjourney.A_TLSwebJourney(TLSjourney.java:23)
Caused by: org.openqa.selenium.remote.ErrorHandler$UnknownServerException: Unable to locate element: {&quot;method&quot;:&quot;link text&quot;,&quot;selector&quot;:&quot;Log out&quot;}
Build info: version: &apos;unknown&apos;, revision: &apos;unknown&apos;, time: &apos;unknown&apos;
System info: os.name: &apos;Windows 7&apos;, os.arch: &apos;x86&apos;, os.version: &apos;6.1&apos;, java.version: &apos;1.6.0_20&apos;
Driver info: driver.version: unknown
	at &lt;anonymous class&gt;.&lt;anonymous method&gt;(file:///C:/Users/JVendi/AppData/Local/Temp/anonymous2530234918160500693webdriver-profile/extensions/fxdriver@googlecode.com/components/driver_component.js:6556)
	at &lt;anonymous class&gt;.&lt;anonymous method&gt;(file:///C:/Users/JVendi/AppData/Local/Temp/anonymous2530234918160500693webdriver-profile/extensions/fxdriver@googlecode.com/components/driver_component.js:471)
... Removed 28 stack frames</pre></div><a href='#' onClick='toggleBox("stack-trace29913235", this, "Click to show all stack frames", "Click to hide stack frames")'>Click to show all stack frames</a>
<div class='stack-trace' id='stack-trace29913235'><pre>org.openqa.selenium.NoSuchElementException: Unable to locate element: {"method":"link text","selector":"Log out"}
Command duration or timeout: 30.06 seconds
For documentation on this error, please visit: http://seleniumhq.org/exceptions/no_such_element.html
Build info: version: 'unknown', revision: 'unknown', time: 'unknown'
System info: os.name: 'Windows 7', os.arch: 'x86', os.version: '6.1', java.version: '1.6.0_20'
Driver info: driver.version: RemoteWebDriver
Session ID: e68b8577-16e7-4ac9-b85e-71a25dcf8004
	at sun.reflect.NativeConstructorAccessorImpl.newInstance0(Native Method)
	at sun.reflect.NativeConstructorAccessorImpl.newInstance(Unknown Source)
	at sun.reflect.DelegatingConstructorAccessorImpl.newInstance(Unknown Source)
	at java.lang.reflect.Constructor.newInstance(Unknown Source)
	at org.openqa.selenium.remote.ErrorHandler.createThrowable(ErrorHandler.java:188)
	at org.openqa.selenium.remote.ErrorHandler.throwIfResponseFailed(ErrorHandler.java:145)
	at org.openqa.selenium.remote.RemoteWebDriver.execute(RemoteWebDriver.java:472)
	at org.openqa.selenium.remote.RemoteWebDriver.findElement(RemoteWebDriver.java:242)
	at org.openqa.selenium.remote.RemoteWebDriver.findElementByLinkText(RemoteWebDriver.java:279)
	at org.openqa.selenium.By$ByLinkText.findElement(By.java:240)
	at org.openqa.selenium.remote.RemoteWebDriver.findElement(RemoteWebDriver.java:234)
	at ACS_CRMN.TLSbaseClass.TLSwebjourney1(TLSbaseClass.java:90)
	at ACS_CRMN.TLSjourney.A_TLSwebJourney(TLSjourney.java:23)
	at sun.reflect.NativeMethodAccessorImpl.invoke0(Native Method)
	at sun.reflect.NativeMethodAccessorImpl.invoke(Unknown Source)
	at sun.reflect.DelegatingMethodAccessorImpl.invoke(Unknown Source)
	at java.lang.reflect.Method.invoke(Unknown Source)
	at org.testng.internal.MethodInvocationHelper.invokeMethod(MethodInvocationHelper.java:80)
	at org.testng.internal.Invoker.invokeMethod(Invoker.java:702)
	at org.testng.internal.Invoker.invokeTestMethod(Invoker.java:894)
	at org.testng.internal.Invoker.invokeTestMethods(Invoker.java:1219)
	at org.testng.internal.TestMethodWorker.invokeTestMethods(TestMethodWorker.java:127)
	at org.testng.internal.TestMethodWorker.run(TestMethodWorker.java:111)
	at org.testng.TestRunner.privateRun(TestRunner.java:767)
	at org.testng.TestRunner.run(TestRunner.java:617)
	at org.testng.SuiteRunner.runTest(SuiteRunner.java:334)
	at org.testng.SuiteRunner.runSequentially(SuiteRunner.java:329)
	at org.testng.SuiteRunner.privateRun(SuiteRunner.java:291)
	at org.testng.SuiteRunner.run(SuiteRunner.java:240)
	at org.testng.SuiteRunnerWorker.runSuite(SuiteRunnerWorker.java:53)
	at org.testng.SuiteRunnerWorker.run(SuiteRunnerWorker.java:87)
	at org.testng.TestNG.runSuitesSequentially(TestNG.java:1197)
	at org.testng.TestNG.runSuitesLocally(TestNG.java:1122)
	at org.testng.TestNG.run(TestNG.java:1030)
	at org.testng.remote.RemoteTestNG.run(RemoteTestNG.java:111)
	at org.testng.remote.RemoteTestNG.initAndRun(RemoteTestNG.java:204)
	at org.testng.remote.RemoteTestNG.main(RemoteTestNG.java:175)
Caused by: org.openqa.selenium.remote.ErrorHandler$UnknownServerException: Unable to locate element: {"method":"link text","selector":"Log out"}
Build info: version: 'unknown', revision: 'unknown', time: 'unknown'
System info: os.name: 'Windows 7', os.arch: 'x86', os.version: '6.1', java.version: '1.6.0_20'
Driver info: driver.version: unknown
	at &lt;anonymous class&gt;.&lt;anonymous method&gt;(file:///C:/Users/JVendi/AppData/Local/Temp/anonymous2530234918160500693webdriver-profile/extensions/fxdriver@googlecode.com/components/driver_component.js:6556)
	at &lt;anonymous class&gt;.&lt;anonymous method&gt;(file:///C:/Users/JVendi/AppData/Local/Temp/anonymous2530234918160500693webdriver-profile/extensions/fxdriver@googlecode.com/components/driver_component.js:471)
</pre></div></td>
<td>56</td>
<td>ACS_CRMN.TLSjourney@ece65</td></tr>
<tr>
<td title='ACS_CRMN.CSRjourney.D_CheckEntitlement()'><b>D_CheckEntitlement</b><br>Test class: ACS_CRMN.CSRjourney</td>
<td><div><pre>java.lang.AssertionError: Entitlements  before updation...should be zero....... expected:&lt;true&gt; but was:&lt;false&gt;
	at ACS_CRMN.CSRjourney.D_CheckEntitlement(CSRjourney.java:61)
... Removed 28 stack frames</pre></div><a href='#' onClick='toggleBox("stack-trace12890052", this, "Click to show all stack frames", "Click to hide stack frames")'>Click to show all stack frames</a>
<div class='stack-trace' id='stack-trace12890052'><pre>java.lang.AssertionError: Entitlements  before updation...should be zero....... expected:&lt;true&gt; but was:&lt;false&gt;
	at org.testng.Assert.fail(Assert.java:89)
	at org.testng.Assert.failNotEquals(Assert.java:489)
	at org.testng.Assert.assertEquals(Assert.java:118)
	at org.testng.Assert.assertEquals(Assert.java:281)
	at ACS_CRMN.CSRjourney.D_CheckEntitlement(CSRjourney.java:61)
	at sun.reflect.NativeMethodAccessorImpl.invoke0(Native Method)
	at sun.reflect.NativeMethodAccessorImpl.invoke(Unknown Source)
	at sun.reflect.DelegatingMethodAccessorImpl.invoke(Unknown Source)
	at java.lang.reflect.Method.invoke(Unknown Source)
	at org.testng.internal.MethodInvocationHelper.invokeMethod(MethodInvocationHelper.java:80)
	at org.testng.internal.Invoker.invokeMethod(Invoker.java:702)
	at org.testng.internal.Invoker.invokeTestMethod(Invoker.java:894)
	at org.testng.internal.Invoker.invokeTestMethods(Invoker.java:1219)
	at org.testng.internal.TestMethodWorker.invokeTestMethods(TestMethodWorker.java:127)
	at org.testng.internal.TestMethodWorker.run(TestMethodWorker.java:111)
	at org.testng.TestRunner.privateRun(TestRunner.java:767)
	at org.testng.TestRunner.run(TestRunner.java:617)
	at org.testng.SuiteRunner.runTest(SuiteRunner.java:334)
	at org.testng.SuiteRunner.runSequentially(SuiteRunner.java:329)
	at org.testng.SuiteRunner.privateRun(SuiteRunner.java:291)
	at org.testng.SuiteRunner.run(SuiteRunner.java:240)
	at org.testng.SuiteRunnerWorker.runSuite(SuiteRunnerWorker.java:53)
	at org.testng.SuiteRunnerWorker.run(SuiteRunnerWorker.java:87)
	at org.testng.TestNG.runSuitesSequentially(TestNG.java:1197)
	at org.testng.TestNG.runSuitesLocally(TestNG.java:1122)
	at org.testng.TestNG.run(TestNG.java:1030)
	at org.testng.remote.RemoteTestNG.run(RemoteTestNG.java:111)
	at org.testng.remote.RemoteTestNG.initAndRun(RemoteTestNG.java:204)
	at org.testng.remote.RemoteTestNG.main(RemoteTestNG.java:175)
</pre></div></td>
<td>0</td>
<td>ACS_CRMN.CSRjourney@169ca65</td></tr>
<tr>
<td title='ACS_CRMN.WebJourney.F_Check_ACS_EditJourney_Profile()'><b>F_Check_ACS_EditJourney_Profile</b><br>Test class: ACS_CRMN.WebJourney</td>
<td><div><pre>java.lang.AssertionError: Profile after updation........ expected:&lt;true&gt; but was:&lt;false&gt;
	at ACS_CRMN.WebJourney.F_Check_ACS_EditJourney_Profile(WebJourney.java:81)
... Removed 28 stack frames</pre></div><a href='#' onClick='toggleBox("stack-trace23934262", this, "Click to show all stack frames", "Click to hide stack frames")'>Click to show all stack frames</a>
<div class='stack-trace' id='stack-trace23934262'><pre>java.lang.AssertionError: Profile after updation........ expected:&lt;true&gt; but was:&lt;false&gt;
	at org.testng.Assert.fail(Assert.java:89)
	at org.testng.Assert.failNotEquals(Assert.java:489)
	at org.testng.Assert.assertEquals(Assert.java:118)
	at org.testng.Assert.assertEquals(Assert.java:281)
	at ACS_CRMN.WebJourney.F_Check_ACS_EditJourney_Profile(WebJourney.java:81)
	at sun.reflect.NativeMethodAccessorImpl.invoke0(Native Method)
	at sun.reflect.NativeMethodAccessorImpl.invoke(Unknown Source)
	at sun.reflect.DelegatingMethodAccessorImpl.invoke(Unknown Source)
	at java.lang.reflect.Method.invoke(Unknown Source)
	at org.testng.internal.MethodInvocationHelper.invokeMethod(MethodInvocationHelper.java:80)
	at org.testng.internal.Invoker.invokeMethod(Invoker.java:702)
	at org.testng.internal.Invoker.invokeTestMethod(Invoker.java:894)
	at org.testng.internal.Invoker.invokeTestMethods(Invoker.java:1219)
	at org.testng.internal.TestMethodWorker.invokeTestMethods(TestMethodWorker.java:127)
	at org.testng.internal.TestMethodWorker.run(TestMethodWorker.java:111)
	at org.testng.TestRunner.privateRun(TestRunner.java:767)
	at org.testng.TestRunner.run(TestRunner.java:617)
	at org.testng.SuiteRunner.runTest(SuiteRunner.java:334)
	at org.testng.SuiteRunner.runSequentially(SuiteRunner.java:329)
	at org.testng.SuiteRunner.privateRun(SuiteRunner.java:291)
	at org.testng.SuiteRunner.run(SuiteRunner.java:240)
	at org.testng.SuiteRunnerWorker.runSuite(SuiteRunnerWorker.java:53)
	at org.testng.SuiteRunnerWorker.run(SuiteRunnerWorker.java:87)
	at org.testng.TestNG.runSuitesSequentially(TestNG.java:1197)
	at org.testng.TestNG.runSuitesLocally(TestNG.java:1122)
	at org.testng.TestNG.run(TestNG.java:1030)
	at org.testng.remote.RemoteTestNG.run(RemoteTestNG.java:111)
	at org.testng.remote.RemoteTestNG.initAndRun(RemoteTestNG.java:204)
	at org.testng.remote.RemoteTestNG.main(RemoteTestNG.java:175)
</pre></div></td>
<td>5</td>
<td>ACS_CRMN.WebJourney@15a8767</td></tr>
</table><p>
<table width='100%' border='1' class='invocation-passed'>
<tr><td colspan='4' align='center'><b>PASSED TESTS</b></td></tr>
<tr><td><b>Test method</b></td>
<td width="30%"><b>Exception</b></td>
<td width="10%"><b>Time (seconds)</b></td>
<td><b>Instance</b></td>
</tr>
<tr>
<td title='ACS_CRMN.WebJourney.A_WebJourney1()'><b>A_WebJourney1</b><br>Test class: ACS_CRMN.WebJourney</td>
<td></td>
<td>149</td>
<td>ACS_CRMN.WebJourney@15a8767</td></tr>
<tr>
<td title='ACS_CRMN.CSRjourney.A_custCreation()'><b>A_custCreation</b><br>Test class: ACS_CRMN.CSRjourney</td>
<td></td>
<td>34</td>
<td>ACS_CRMN.CSRjourney@169ca65</td></tr>
<tr>
<td title='ACS_CRMN.WebJourney.B_CheckProfile()'><b>B_CheckProfile</b><br>Test class: ACS_CRMN.WebJourney</td>
<td></td>
<td>11</td>
<td>ACS_CRMN.WebJourney@15a8767</td></tr>
<tr>
<td title='ACS_CRMN.TLSjourney.B_TLScheckProfile()'><b>B_TLScheckProfile</b><br>Test class: ACS_CRMN.TLSjourney</td>
<td></td>
<td>10</td>
<td>ACS_CRMN.TLSjourney@ece65</td></tr>
<tr>
<td title='ACS_CRMN.CSRjourney.B_custBankDetails()'><b>B_custBankDetails</b><br>Test class: ACS_CRMN.CSRjourney</td>
<td></td>
<td>16</td>
<td>ACS_CRMN.CSRjourney@169ca65</td></tr>
<tr>
<td title='ACS_CRMN.CSRjourney.C_CheckProfile()'><b>C_CheckProfile</b><br>Test class: ACS_CRMN.CSRjourney</td>
<td></td>
<td>5</td>
<td>ACS_CRMN.CSRjourney@169ca65</td></tr>
<tr>
<td title='ACS_CRMN.WebJourney.C_WebJourney2()'><b>C_WebJourney2</b><br>Test class: ACS_CRMN.WebJourney</td>
<td></td>
<td>10</td>
<td>ACS_CRMN.WebJourney@15a8767</td></tr>
<tr>
<td title='ACS_CRMN.WebJourney.D_CheckEntitlement()'><b>D_CheckEntitlement</b><br>Test class: ACS_CRMN.WebJourney</td>
<td></td>
<td>5</td>
<td>ACS_CRMN.WebJourney@15a8767</td></tr>
<tr>
<td title='ACS_CRMN.TLSjourney.D_CheckEntitlement()'><b>D_CheckEntitlement</b><br>Test class: ACS_CRMN.TLSjourney</td>
<td></td>
<td>5</td>
<td>ACS_CRMN.TLSjourney@ece65</td></tr>
<tr>
<td title='ACS_CRMN.WebJourney.E_WebJourneyEdit()'><b>E_WebJourneyEdit</b><br>Test class: ACS_CRMN.WebJourney</td>
<td></td>
<td>29</td>
<td>ACS_CRMN.WebJourney@15a8767</td></tr>
<tr>
<td title='ACS_CRMN.WebJourney.G_CheckEntitlement()'><b>G_CheckEntitlement</b><br>Test class: ACS_CRMN.WebJourney</td>
<td></td>
<td>0</td>
<td>ACS_CRMN.WebJourney@15a8767</td></tr>
</table><p>
</body>
</html>