<?xml version="1.0" encoding="UTF-8"?>
<testng-results skipped="0" failed="3" total="7" passed="4">
  <reporter-output>
  </reporter-output>
  <suite name="Default suite" duration-ms="109123" started-at="2012-08-01T11:06:11Z" finished-at="2012-08-01T11:08:00Z">
    <groups>
    </groups>
    <test name="Default test" duration-ms="109123" started-at="2012-08-01T11:06:11Z" finished-at="2012-08-01T11:08:00Z">
      <class name="ACS_CRMN.WebJourney">
        <test-method status="PASS" signature="setUp()[pri:0, instance:ACS_CRMN.WebJourney@8b819f]" name="setUp" is-config="true" duration-ms="13588" started-at="2012-08-01T11:06:11Z" finished-at="2012-08-01T11:06:25Z">
        </test-method> <!-- setUp -->
        <test-method status="PASS" signature="A_testWebDriverWebJourney1()[pri:0, instance:ACS_CRMN.WebJourney@8b819f]" name="A_testWebDriverWebJourney1" duration-ms="38055" started-at="2012-08-01T11:06:25Z" finished-at="2012-08-01T11:07:03Z">
        </test-method> <!-- A_testWebDriverWebJourney1 -->
        <test-method status="PASS" signature="B_CheckProfile()[pri:0, instance:ACS_CRMN.WebJourney@8b819f]" name="B_CheckProfile" duration-ms="5924" started-at="2012-08-01T11:07:03Z" finished-at="2012-08-01T11:07:09Z">
        </test-method> <!-- B_CheckProfile -->
        <test-method status="PASS" signature="C_testWebDriverWebJourney2()[pri:0, instance:ACS_CRMN.WebJourney@8b819f]" name="C_testWebDriverWebJourney2" duration-ms="6637" started-at="2012-08-01T11:07:09Z" finished-at="2012-08-01T11:07:15Z">
        </test-method> <!-- C_testWebDriverWebJourney2 -->
        <test-method status="PASS" signature="D_CheckEntitlement()[pri:0, instance:ACS_CRMN.WebJourney@8b819f]" name="D_CheckEntitlement" duration-ms="306" started-at="2012-08-01T11:07:15Z" finished-at="2012-08-01T11:07:15Z">
        </test-method> <!-- D_CheckEntitlement -->
        <test-method status="FAIL" signature="E_testWebDriverWebJourneyEdit()[pri:0, instance:ACS_CRMN.WebJourney@8b819f]" name="E_testWebDriverWebJourneyEdit" duration-ms="44286" started-at="2012-08-01T11:07:15Z" finished-at="2012-08-01T11:08:00Z">
          <exception class="org.openqa.selenium.NoSuchElementException">
            <message>
              <![CDATA[Unable to locate element: {"method":"xpath","selector":".//*[@id='ni-pay-btn-bottom']"}
Command duration or timeout: 31.09 seconds
For documentation on this error, please visit: http://seleniumhq.org/exceptions/no_such_element.html
Build info: version: 'unknown', revision: 'unknown', time: 'unknown'
System info: os.name: 'Windows 7', os.arch: 'x86', os.version: '6.1', java.version: '1.6.0_20'
Driver info: driver.version: RemoteWebDriver
Session ID: 3de65891-0aee-4af9-b188-9c7226456646]]>
            </message>
            <full-stacktrace>
              <![CDATA[org.openqa.selenium.NoSuchElementException: Unable to locate element: {"method":"xpath","selector":".//*[@id='ni-pay-btn-bottom']"}
Command duration or timeout: 31.09 seconds
For documentation on this error, please visit: http://seleniumhq.org/exceptions/no_such_element.html
Build info: version: 'unknown', revision: 'unknown', time: 'unknown'
System info: os.name: 'Windows 7', os.arch: 'x86', os.version: '6.1', java.version: '1.6.0_20'
Driver info: driver.version: RemoteWebDriver
Session ID: 3de65891-0aee-4af9-b188-9c7226456646
	at sun.reflect.NativeConstructorAccessorImpl.newInstance0(Native Method)
	at sun.reflect.NativeConstructorAccessorImpl.newInstance(Unknown Source)
	at sun.reflect.DelegatingConstructorAccessorImpl.newInstance(Unknown Source)
	at java.lang.reflect.Constructor.newInstance(Unknown Source)
	at org.openqa.selenium.remote.ErrorHandler.createThrowable(ErrorHandler.java:188)
	at org.openqa.selenium.remote.ErrorHandler.throwIfResponseFailed(ErrorHandler.java:145)
	at org.openqa.selenium.remote.RemoteWebDriver.execute(RemoteWebDriver.java:472)
	at org.openqa.selenium.remote.RemoteWebDriver.findElement(RemoteWebDriver.java:242)
	at org.openqa.selenium.remote.RemoteWebDriver.findElementByXPath(RemoteWebDriver.java:327)
	at org.openqa.selenium.By$ByXPath.findElement(By.java:343)
	at org.openqa.selenium.remote.RemoteWebDriver.findElement(RemoteWebDriver.java:234)
	at ACS_CRMN.WebJourneyBaseClass.webjourneyEdit(WebJourneyBaseClass.java:137)
	at ACS_CRMN.WebJourney.E_testWebDriverWebJourneyEdit(WebJourney.java:64)
	at sun.reflect.NativeMethodAccessorImpl.invoke0(Native Method)
	at sun.reflect.NativeMethodAccessorImpl.invoke(Unknown Source)
	at sun.reflect.DelegatingMethodAccessorImpl.invoke(Unknown Source)
	at java.lang.reflect.Method.invoke(Unknown Source)
	at org.testng.internal.MethodInvocationHelper.invokeMethod(MethodInvocationHelper.java:80)
	at org.testng.internal.Invoker.invokeMethod(Invoker.java:702)
	at org.testng.internal.Invoker.invokeTestMethod(Invoker.java:894)
	at org.testng.internal.Invoker.invokeTestMethods(Invoker.java:1219)
	at org.testng.internal.TestMethodWorker.invokeTestMethods(TestMethodWorker.java:127)
	at org.testng.internal.TestMethodWorker.run(TestMethodWorker.java:111)
	at org.testng.TestRunner.privateRun(TestRunner.java:767)
	at org.testng.TestRunner.run(TestRunner.java:617)
	at org.testng.SuiteRunner.runTest(SuiteRunner.java:334)
	at org.testng.SuiteRunner.runSequentially(SuiteRunner.java:329)
	at org.testng.SuiteRunner.privateRun(SuiteRunner.java:291)
	at org.testng.SuiteRunner.run(SuiteRunner.java:240)
	at org.testng.SuiteRunnerWorker.runSuite(SuiteRunnerWorker.java:53)
	at org.testng.SuiteRunnerWorker.run(SuiteRunnerWorker.java:87)
	at org.testng.TestNG.runSuitesSequentially(TestNG.java:1197)
	at org.testng.TestNG.runSuitesLocally(TestNG.java:1122)
	at org.testng.TestNG.run(TestNG.java:1030)
	at org.testng.remote.RemoteTestNG.run(RemoteTestNG.java:111)
	at org.testng.remote.RemoteTestNG.initAndRun(RemoteTestNG.java:204)
	at org.testng.remote.RemoteTestNG.main(RemoteTestNG.java:175)
Caused by: org.openqa.selenium.remote.ErrorHandler$UnknownServerException: Unable to locate element: {"method":"xpath","selector":".//*[@id='ni-pay-btn-bottom']"}
Build info: version: 'unknown', revision: 'unknown', time: 'unknown'
System info: os.name: 'Windows 7', os.arch: 'x86', os.version: '6.1', java.version: '1.6.0_20'
Driver info: driver.version: unknown
	at <anonymous class>.<anonymous method>(file:///C:/Users/JVendi/AppData/Local/Temp/anonymous2367204355085806220webdriver-profile/extensions/fxdriver@googlecode.com/components/driver_component.js:6556)
	at <anonymous class>.<anonymous method>(file:///C:/Users/JVendi/AppData/Local/Temp/anonymous2367204355085806220webdriver-profile/extensions/fxdriver@googlecode.com/components/driver_component.js:471)
]]>
            </full-stacktrace>
          </exception> <!-- org.openqa.selenium.NoSuchElementException -->
        </test-method> <!-- E_testWebDriverWebJourneyEdit -->
        <test-method status="FAIL" signature="F_checkProfile()[pri:0, instance:ACS_CRMN.WebJourney@8b819f]" name="F_checkProfile" duration-ms="164" started-at="2012-08-01T11:08:00Z" finished-at="2012-08-01T11:08:00Z">
          <exception class="java.lang.AssertionError">
            <message>
              <![CDATA[Profile after updation........ expected:<true> but was:<false>]]>
            </message>
            <full-stacktrace>
              <![CDATA[java.lang.AssertionError: Profile after updation........ expected:<true> but was:<false>
	at org.testng.Assert.fail(Assert.java:89)
	at org.testng.Assert.failNotEquals(Assert.java:489)
	at org.testng.Assert.assertEquals(Assert.java:118)
	at org.testng.Assert.assertEquals(Assert.java:281)
	at ACS_CRMN.WebJourney.F_checkProfile(WebJourney.java:74)
	at sun.reflect.NativeMethodAccessorImpl.invoke0(Native Method)
	at sun.reflect.NativeMethodAccessorImpl.invoke(Unknown Source)
	at sun.reflect.DelegatingMethodAccessorImpl.invoke(Unknown Source)
	at java.lang.reflect.Method.invoke(Unknown Source)
	at org.testng.internal.MethodInvocationHelper.invokeMethod(MethodInvocationHelper.java:80)
	at org.testng.internal.Invoker.invokeMethod(Invoker.java:702)
	at org.testng.internal.Invoker.invokeTestMethod(Invoker.java:894)
	at org.testng.internal.Invoker.invokeTestMethods(Invoker.java:1219)
	at org.testng.internal.TestMethodWorker.invokeTestMethods(TestMethodWorker.java:127)
	at org.testng.internal.TestMethodWorker.run(TestMethodWorker.java:111)
	at org.testng.TestRunner.privateRun(TestRunner.java:767)
	at org.testng.TestRunner.run(TestRunner.java:617)
	at org.testng.SuiteRunner.runTest(SuiteRunner.java:334)
	at org.testng.SuiteRunner.runSequentially(SuiteRunner.java:329)
	at org.testng.SuiteRunner.privateRun(SuiteRunner.java:291)
	at org.testng.SuiteRunner.run(SuiteRunner.java:240)
	at org.testng.SuiteRunnerWorker.runSuite(SuiteRunnerWorker.java:53)
	at org.testng.SuiteRunnerWorker.run(SuiteRunnerWorker.java:87)
	at org.testng.TestNG.runSuitesSequentially(TestNG.java:1197)
	at org.testng.TestNG.runSuitesLocally(TestNG.java:1122)
	at org.testng.TestNG.run(TestNG.java:1030)
	at org.testng.remote.RemoteTestNG.run(RemoteTestNG.java:111)
	at org.testng.remote.RemoteTestNG.initAndRun(RemoteTestNG.java:204)
	at org.testng.remote.RemoteTestNG.main(RemoteTestNG.java:175)
]]>
            </full-stacktrace>
          </exception> <!-- java.lang.AssertionError -->
        </test-method> <!-- F_checkProfile -->
        <test-method status="FAIL" signature="G_CheckEntitlement()[pri:0, instance:ACS_CRMN.WebJourney@8b819f]" name="G_CheckEntitlement" duration-ms="148" started-at="2012-08-01T11:08:00Z" finished-at="2012-08-01T11:08:00Z">
          <exception class="java.lang.AssertionError">
            <message>
              <![CDATA[Entitlements  before updation...should be zero....... expected:<true> but was:<false>]]>
            </message>
            <full-stacktrace>
              <![CDATA[java.lang.AssertionError: Entitlements  before updation...should be zero....... expected:<true> but was:<false>
	at org.testng.Assert.fail(Assert.java:89)
	at org.testng.Assert.failNotEquals(Assert.java:489)
	at org.testng.Assert.assertEquals(Assert.java:118)
	at org.testng.Assert.assertEquals(Assert.java:281)
	at ACS_CRMN.WebJourney.G_CheckEntitlement(WebJourney.java:84)
	at sun.reflect.NativeMethodAccessorImpl.invoke0(Native Method)
	at sun.reflect.NativeMethodAccessorImpl.invoke(Unknown Source)
	at sun.reflect.DelegatingMethodAccessorImpl.invoke(Unknown Source)
	at java.lang.reflect.Method.invoke(Unknown Source)
	at org.testng.internal.MethodInvocationHelper.invokeMethod(MethodInvocationHelper.java:80)
	at org.testng.internal.Invoker.invokeMethod(Invoker.java:702)
	at org.testng.internal.Invoker.invokeTestMethod(Invoker.java:894)
	at org.testng.internal.Invoker.invokeTestMethods(Invoker.java:1219)
	at org.testng.internal.TestMethodWorker.invokeTestMethods(TestMethodWorker.java:127)
	at org.testng.internal.TestMethodWorker.run(TestMethodWorker.java:111)
	at org.testng.TestRunner.privateRun(TestRunner.java:767)
	at org.testng.TestRunner.run(TestRunner.java:617)
	at org.testng.SuiteRunner.runTest(SuiteRunner.java:334)
	at org.testng.SuiteRunner.runSequentially(SuiteRunner.java:329)
	at org.testng.SuiteRunner.privateRun(SuiteRunner.java:291)
	at org.testng.SuiteRunner.run(SuiteRunner.java:240)
	at org.testng.SuiteRunnerWorker.runSuite(SuiteRunnerWorker.java:53)
	at org.testng.SuiteRunnerWorker.run(SuiteRunnerWorker.java:87)
	at org.testng.TestNG.runSuitesSequentially(TestNG.java:1197)
	at org.testng.TestNG.runSuitesLocally(TestNG.java:1122)
	at org.testng.TestNG.run(TestNG.java:1030)
	at org.testng.remote.RemoteTestNG.run(RemoteTestNG.java:111)
	at org.testng.remote.RemoteTestNG.initAndRun(RemoteTestNG.java:204)
	at org.testng.remote.RemoteTestNG.main(RemoteTestNG.java:175)
]]>
            </full-stacktrace>
          </exception> <!-- java.lang.AssertionError -->
        </test-method> <!-- G_CheckEntitlement -->
      </class> <!-- ACS_CRMN.WebJourney -->
    </test> <!-- Default test -->
  </suite> <!-- Default suite -->
</testng-results>
