<?xml version="1.0" encoding="UTF-8"?>
<!-- Generated by org.testng.reporters.JUnitXMLReporter -->
<testsuite hostname="D103260" name="Nopackage" tests="7" failures="3" timestamp="1 Aug 2012 08:42:27 GMT" time="111.151" errors="0">
  <testcase name="A_testWebDriverWebJourney1" time="39.442" classname="MyExperiments.WebJourney"/>
  <testcase name="B_CheckProfile" time="6.311" classname="MyExperiments.WebJourney"/>
  <testcase name="C_testWebDriverWebJourney2" time="6.65" classname="MyExperiments.WebJourney"/>
  <testcase name="D_CheckEntitlement" time="0.451" classname="MyExperiments.WebJourney"/>
  <testcase name="E_testWebDriverWebJourneyEdit" time="41.752" classname="MyExperiments.WebJourney">
    <failure type="org.openqa.selenium.NoSuchElementException" message="Unable to locate element: {&amp;quot;method&amp;quot;:&amp;quot;xpath&amp;quot;,&amp;quot;selector&amp;quot;:&amp;quot;.//*[@id=&amp;apos;ni-pay-btn-bottom&amp;apos;]&amp;quot;}
Command duration or timeout: 31.01 seconds
For documentation on this error, please visit: http://seleniumhq.org/exceptions/no_such_element.html
Build info: version: &amp;apos;unknown&amp;apos;, revision: &amp;apos;unknown&amp;apos;, time: &amp;apos;unknown&amp;apos;
System info: os.name: &amp;apos;Windows 7&amp;apos;, os.arch: &amp;apos;x86&amp;apos;, os.version: &amp;apos;6.1&amp;apos;, java.version: &amp;apos;1.6.0_20&amp;apos;
Driver info: driver.version: RemoteWebDriver
Session ID: b52a7519-eda7-4ccb-ab7a-cca1ff71f3e2">
      <![CDATA[org.openqa.selenium.NoSuchElementException: Unable to locate element: {"method":"xpath","selector":".//*[@id='ni-pay-btn-bottom']"}
Command duration or timeout: 31.01 seconds
For documentation on this error, please visit: http://seleniumhq.org/exceptions/no_such_element.html
Build info: version: 'unknown', revision: 'unknown', time: 'unknown'
System info: os.name: 'Windows 7', os.arch: 'x86', os.version: '6.1', java.version: '1.6.0_20'
Driver info: driver.version: RemoteWebDriver
Session ID: b52a7519-eda7-4ccb-ab7a-cca1ff71f3e2
	at org.openqa.selenium.remote.ErrorHandler.createThrowable(ErrorHandler.java:188)
	at org.openqa.selenium.remote.ErrorHandler.throwIfResponseFailed(ErrorHandler.java:145)
	at org.openqa.selenium.remote.RemoteWebDriver.execute(RemoteWebDriver.java:472)
	at org.openqa.selenium.remote.RemoteWebDriver.findElement(RemoteWebDriver.java:242)
	at org.openqa.selenium.remote.RemoteWebDriver.findElementByXPath(RemoteWebDriver.java:327)
	at org.openqa.selenium.By$ByXPath.findElement(By.java:343)
	at org.openqa.selenium.remote.RemoteWebDriver.findElement(RemoteWebDriver.java:234)
	at MyExperiments.NewsIntBaseClass.webjourneyEdit(NewsIntBaseClass.java:143)
	at MyExperiments.WebJourney.E_testWebDriverWebJourneyEdit(WebJourney.java:62)
Caused by: org.openqa.selenium.remote.ErrorHandler$UnknownServerException: Unable to locate element: {"method":"xpath","selector":".//*[@id='ni-pay-btn-bottom']"}
Build info: version: 'unknown', revision: 'unknown', time: 'unknown'
System info: os.name: 'Windows 7', os.arch: 'x86', os.version: '6.1', java.version: '1.6.0_20'
Driver info: driver.version: unknown
	at <anonymous class>.<anonymous method>(file:///C:/Users/JVendi/AppData/Local/Temp/anonymous9154607867599704217webdriver-profile/extensions/fxdriver@googlecode.com/components/driver_component.js:6556)
	at <anonymous class>.<anonymous method>(file:///C:/Users/JVendi/AppData/Local/Temp/anonymous9154607867599704217webdriver-profile/extensions/fxdriver@googlecode.com/components/driver_component.js:471)
... Removed 28 stack frames]]>
    </failure>
  </testcase> <!-- E_testWebDriverWebJourneyEdit -->
  <testcase name="F_checkProfile" time="0.16" classname="MyExperiments.WebJourney">
    <failure type="java.lang.AssertionError" message="Profile after updation........ expected:&amp;lt;true&amp;gt; but was:&amp;lt;false&amp;gt;">
      <![CDATA[java.lang.AssertionError: Profile after updation........ expected:<true> but was:<false>
	at MyExperiments.WebJourney.F_checkProfile(WebJourney.java:72)
... Removed 28 stack frames]]>
    </failure>
  </testcase> <!-- F_checkProfile -->
  <testcase name="G_CheckEntitlement" time="0.136" classname="MyExperiments.WebJourney">
    <failure type="java.lang.AssertionError" message="Entitlements  before updation...should be zero....... expected:&amp;lt;true&amp;gt; but was:&amp;lt;false&amp;gt;">
      <![CDATA[java.lang.AssertionError: Entitlements  before updation...should be zero....... expected:<true> but was:<false>
	at MyExperiments.WebJourney.G_CheckEntitlement(WebJourney.java:82)
... Removed 28 stack frames]]>
    </failure>
  </testcase> <!-- G_CheckEntitlement -->
</testsuite> <!-- Nopackage -->
